# JRE version: Java(TM) SE Runtime Environment (8.0_111-b14) (build 1.8.0_111-b14)
# Java VM: Java HotSpot(TM) 64-Bit Server VM (25.111-b14 mixed mode windows-amd64 compressed oops)
Heap:
 PSYoungGen      total 31232K, used 30633K [0x00000000d5f00000, 0x00000000d8c80000, 0x0000000100000000)
  eden space 29184K, 98% used [0x00000000d5f00000,0x00000000d7af2768,0x00000000d7b80000)
  from space 2048K, 98% used [0x00000000d7c00000,0x00000000d7df8000,0x00000000d7e00000)
  to   space 8704K, 0% used [0x00000000d8400000,0x00000000d8400000,0x00000000d8c80000)
 ParOldGen       total 87552K, used 6565K [0x0000000081c00000, 0x0000000087180000, 0x00000000d5f00000)
  object space 87552K, 7% used [0x0000000081c00000,0x0000000082269538,0x0000000087180000)
 Metaspace       used 16321K, capacity 17544K, committed 17792K, reserved 1064960K
  class space    used 1852K, capacity 2155K, committed 2176K, reserved 1048576K
GC Heap History (10 events):
Event: 78.660 GC heap before
{Heap before GC invocations=4 (full 1):
 PSYoungGen      total 38400K, used 33280K [0x00000000d5f00000, 0x00000000d8980000, 0x0000000100000000)
  eden space 33280K, 100% used [0x00000000d5f00000,0x00000000d7f80000,0x00000000d7f80000)
  from space 5120K, 0% used [0x00000000d8480000,0x00000000d8480000,0x00000000d8980000)
  to   space 5120K, 0% used [0x00000000d7f80000,0x00000000d7f80000,0x00000000d8480000)
 ParOldGen       total 87552K, used 6541K [0x0000000081c00000, 0x0000000087180000, 0x00000000d5f00000)
  object space 87552K, 7% used [0x0000000081c00000,0x0000000082263538,0x0000000087180000)
 Metaspace       used 14492K, capacity 15228K, committed 15488K, reserved 1062912K
  class space    used 1641K, capacity 1846K, committed 1920K, reserved 1048576K
Event: 78.664 GC heap after
Heap after GC invocations=4 (full 1):
 PSYoungGen      total 38400K, used 2568K [0x00000000d5f00000, 0x00000000d8980000, 0x0000000100000000)
  eden space 33280K, 0% used [0x00000000d5f00000,0x00000000d5f00000,0x00000000d7f80000)
  from space 5120K, 50% used [0x00000000d7f80000,0x00000000d8202278,0x00000000d8480000)
  to   space 5120K, 0% used [0x00000000d8480000,0x00000000d8480000,0x00000000d8980000)
 ParOldGen       total 87552K, used 6541K [0x0000000081c00000, 0x0000000087180000, 0x00000000d5f00000)
  object space 87552K, 7% used [0x0000000081c00000,0x0000000082263538,0x0000000087180000)
 Metaspace       used 14492K, capacity 15228K, committed 15488K, reserved 1062912K
  class space    used 1641K, capacity 1846K, committed 1920K, reserved 1048576K
}
Event: 208.218 GC heap before
{Heap before GC invocations=5 (full 1):
 PSYoungGen      total 38400K, used 35848K [0x00000000d5f00000, 0x00000000d8980000, 0x0000000100000000)
  eden space 33280K, 100% used [0x00000000d5f00000,0x00000000d7f80000,0x00000000d7f80000)
  from space 5120K, 50% used [0x00000000d7f80000,0x00000000d8202278,0x00000000d8480000)
  to   space 5120K, 0% used [0x00000000d8480000,0x00000000d8480000,0x00000000d8980000)
 ParOldGen       total 87552K, used 6541K [0x0000000081c00000, 0x0000000087180000, 0x00000000d5f00000)
  object space 87552K, 7% used [0x0000000081c00000,0x0000000082263538,0x0000000087180000)
 Metaspace       used 14597K, capacity 15366K, committed 15488K, reserved 1062912K
  class space    used 1642K, capacity 1847K, committed 1920K, reserved 1048576K
Event: 208.221 GC heap after
Heap after GC invocations=5 (full 1):
 PSYoungGen      total 38400K, used 2144K [0x00000000d5f00000, 0x00000000d8980000, 0x0000000100000000)
  eden space 33280K, 0% used [0x00000000d5f00000,0x00000000d5f00000,0x00000000d7f80000)
  from space 5120K, 41% used [0x00000000d8480000,0x00000000d8698000,0x00000000d8980000)
  to   space 5120K, 0% used [0x00000000d7f80000,0x00000000d7f80000,0x00000000d8480000)
 ParOldGen       total 87552K, used 6549K [0x0000000081c00000, 0x0000000087180000, 0x00000000d5f00000)
  object space 87552K, 7% used [0x0000000081c00000,0x0000000082265538,0x0000000087180000)
 Metaspace       used 14597K, capacity 15366K, committed 15488K, reserved 1062912K
  class space    used 1642K, capacity 1847K, committed 1920K, reserved 1048576K
}
Event: 337.703 GC heap before
{Heap before GC invocations=6 (full 1):
 PSYoungGen      total 38400K, used 35424K [0x00000000d5f00000, 0x00000000d8980000, 0x0000000100000000)
  eden space 33280K, 100% used [0x00000000d5f00000,0x00000000d7f80000,0x00000000d7f80000)
  from space 5120K, 41% used [0x00000000d8480000,0x00000000d8698000,0x00000000d8980000)
  to   space 5120K, 0% used [0x00000000d7f80000,0x00000000d7f80000,0x00000000d8480000)
 ParOldGen       total 87552K, used 6549K [0x0000000081c00000, 0x0000000087180000, 0x00000000d5f00000)
  object space 87552K, 7% used [0x0000000081c00000,0x0000000082265538,0x0000000087180000)
 Metaspace       used 14655K, capacity 15486K, committed 15744K, reserved 1062912K
  class space    used 1642K, capacity 1847K, committed 1920K, reserved 1048576K
Event: 337.707 GC heap after
Heap after GC invocations=6 (full 1):
 PSYoungGen      total 38400K, used 2048K [0x00000000d5f00000, 0x00000000d8980000, 0x0000000100000000)
  eden space 33280K, 0% used [0x00000000d5f00000,0x00000000d5f00000,0x00000000d7f80000)
  from space 5120K, 40% used [0x00000000d7f80000,0x00000000d8180000,0x00000000d8480000)
  to   space 5120K, 0% used [0x00000000d8480000,0x00000000d8480000,0x00000000d8980000)
 ParOldGen       total 87552K, used 6549K [0x0000000081c00000, 0x0000000087180000, 0x00000000d5f00000)
  object space 87552K, 7% used [0x0000000081c00000,0x0000000082265538,0x0000000087180000)
 Metaspace       used 14655K, capacity 15486K, committed 15744K, reserved 1062912K
  class space    used 1642K, capacity 1847K, committed 1920K, reserved 1048576K
}
Event: 467.085 GC heap before
{Heap before GC invocations=7 (full 1):
 PSYoungGen      total 38400K, used 35328K [0x00000000d5f00000, 0x00000000d8980000, 0x0000000100000000)
  eden space 33280K, 100% used [0x00000000d5f00000,0x00000000d7f80000,0x00000000d7f80000)
  from space 5120K, 40% used [0x00000000d7f80000,0x00000000d8180000,0x00000000d8480000)
  to   space 5120K, 0% used [0x00000000d8480000,0x00000000d8480000,0x00000000d8980000)
 ParOldGen       total 87552K, used 6549K [0x0000000081c00000, 0x0000000087180000, 0x00000000d5f00000)
  object space 87552K, 7% used [0x0000000081c00000,0x0000000082265538,0x0000000087180000)
 Metaspace       used 14685K, capacity 15566K, committed 15744K, reserved 1062912K
  class space    used 1642K, capacity 1847K, committed 1920K, reserved 1048576K
Event: 467.088 GC heap after
Heap after GC invocations=7 (full 1):
 PSYoungGen      total 34816K, used 2144K [0x00000000d5f00000, 0x00000000d9000000, 0x0000000100000000)
  eden space 29696K, 0% used [0x00000000d5f00000,0x00000000d5f00000,0x00000000d7c00000)
  from space 5120K, 41% used [0x00000000d8480000,0x00000000d8698000,0x00000000d8980000)
  to   space 8704K, 0% used [0x00000000d7c00000,0x00000000d7c00000,0x00000000d8480000)
 ParOldGen       total 87552K, used 6557K [0x0000000081c00000, 0x0000000087180000, 0x00000000d5f00000)
  object space 87552K, 7% used [0x0000000081c00000,0x0000000082267538,0x0000000087180000)
 Metaspace       used 14685K, capacity 15566K, committed 15744K, reserved 1062912K
  class space    used 1642K, capacity 1847K, committed 1920K, reserved 1048576K
}
Event: 584.514 GC heap before
{Heap before GC invocations=8 (full 1):
 PSYoungGen      total 34816K, used 31840K [0x00000000d5f00000, 0x00000000d9000000, 0x0000000100000000)
  eden space 29696K, 100% used [0x00000000d5f00000,0x00000000d7c00000,0x00000000d7c00000)
  from space 5120K, 41% used [0x00000000d8480000,0x00000000d8698000,0x00000000d8980000)
  to   space 8704K, 0% used [0x00000000d7c00000,0x00000000d7c00000,0x00000000d8480000)
 ParOldGen       total 87552K, used 6557K [0x0000000081c00000, 0x0000000087180000, 0x00000000d5f00000)
  object space 87552K, 7% used [0x0000000081c00000,0x0000000082267538,0x0000000087180000)
 Metaspace       used 14724K, capacity 15638K, committed 15744K, reserved 1062912K
  class space    used 1642K, capacity 1847K, committed 1920K, reserved 1048576K
Event: 584.518 GC heap after
Heap after GC invocations=8 (full 1):
 PSYoungGen      total 31232K, used 2016K [0x00000000d5f00000, 0x00000000d8c80000, 0x0000000100000000)
  eden space 29184K, 0% used [0x00000000d5f00000,0x00000000d5f00000,0x00000000d7b80000)
  from space 2048K, 98% used [0x00000000d7c00000,0x00000000d7df8000,0x00000000d7e00000)
  to   space 8704K, 0% used [0x00000000d8400000,0x00000000d8400000,0x00000000d8c80000)
 ParOldGen       total 87552K, used 6565K [0x0000000081c00000, 0x0000000087180000, 0x00000000d5f00000)
  object space 87552K, 7% used [0x0000000081c00000,0x0000000082269538,0x0000000087180000)
 Metaspace       used 14724K, capacity 15638K, committed 15744K, reserved 1062912K
  class space    used 1642K, capacity 1847K, committed 1920K, reserved 1048576K
}

