# JRE version: Java(TM) SE Runtime Environment (8.0_111-b14) (build 1.8.0_111-b14)
# Java VM: Java HotSpot(TM) 64-Bit Server VM (25.111-b14 mixed mode windows-amd64 compressed oops)
Heap:
 PSYoungGen      total 38400K, used 1635K [0x00000000d5f00000, 0x00000000d8980000, 0x0000000100000000)
  eden space 33280K, 4% used [0x00000000d5f00000,0x00000000d6098e08,0x00000000d7f80000)
  from space 5120K, 0% used [0x00000000d8480000,0x00000000d8480000,0x00000000d8980000)
  to   space 5120K, 0% used [0x00000000d7f80000,0x00000000d7f80000,0x00000000d8480000)
 ParOldGen       total 87552K, used 10864K [0x0000000081c00000, 0x0000000087180000, 0x00000000d5f00000)
  object space 87552K, 12% used [0x0000000081c00000,0x000000008269c358,0x0000000087180000)
 Metaspace       used 21101K, capacity 22316K, committed 22656K, reserved 1069056K
  class space    used 2512K, capacity 2819K, committed 2944K, reserved 1048576K
GC Heap History (10 events):
Event: 204.253 GC heap before
{Heap before GC invocations=26 (full 12):
 PSYoungGen      total 38400K, used 224K [0x00000000d5f00000, 0x00000000d8980000, 0x0000000100000000)
  eden space 33280K, 0% used [0x00000000d5f00000,0x00000000d5f00000,0x00000000d7f80000)
  from space 5120K, 4% used [0x00000000d8480000,0x00000000d84b8000,0x00000000d8980000)
  to   space 5120K, 0% used [0x00000000d7f80000,0x00000000d7f80000,0x00000000d8480000)
 ParOldGen       total 87552K, used 10820K [0x0000000081c00000, 0x0000000087180000, 0x00000000d5f00000)
  object space 87552K, 12% used [0x0000000081c00000,0x0000000082691110,0x0000000087180000)
 Metaspace       used 21026K, capacity 22250K, committed 22400K, reserved 1069056K
  class space    used 2506K, capacity 2818K, committed 2944K, reserved 1048576K
Event: 204.302 GC heap after
Heap after GC invocations=26 (full 12):
 PSYoungGen      total 38400K, used 0K [0x00000000d5f00000, 0x00000000d8980000, 0x0000000100000000)
  eden space 33280K, 0% used [0x00000000d5f00000,0x00000000d5f00000,0x00000000d7f80000)
  from space 5120K, 0% used [0x00000000d8480000,0x00000000d8480000,0x00000000d8980000)
  to   space 5120K, 0% used [0x00000000d7f80000,0x00000000d7f80000,0x00000000d8480000)
 ParOldGen       total 87552K, used 10868K [0x0000000081c00000, 0x0000000087180000, 0x00000000d5f00000)
  object space 87552K, 12% used [0x0000000081c00000,0x000000008269d188,0x0000000087180000)
 Metaspace       used 21026K, capacity 22250K, committed 22400K, reserved 1069056K
  class space    used 2506K, capacity 2818K, committed 2944K, reserved 1048576K
}
Event: 204.314 GC heap before
{Heap before GC invocations=27 (full 12):
 PSYoungGen      total 38400K, used 636K [0x00000000d5f00000, 0x00000000d8980000, 0x0000000100000000)
  eden space 33280K, 1% used [0x00000000d5f00000,0x00000000d5f9f340,0x00000000d7f80000)
  from space 5120K, 0% used [0x00000000d8480000,0x00000000d8480000,0x00000000d8980000)
  to   space 5120K, 0% used [0x00000000d7f80000,0x00000000d7f80000,0x00000000d8480000)
 ParOldGen       total 87552K, used 10868K [0x0000000081c00000, 0x0000000087180000, 0x00000000d5f00000)
  object space 87552K, 12% used [0x0000000081c00000,0x000000008269d188,0x0000000087180000)
 Metaspace       used 21026K, capacity 22250K, committed 22400K, reserved 1069056K
  class space    used 2506K, capacity 2818K, committed 2944K, reserved 1048576K
Event: 204.315 GC heap after
Heap after GC invocations=27 (full 12):
 PSYoungGen      total 38400K, used 96K [0x00000000d5f00000, 0x00000000d8980000, 0x0000000100000000)
  eden space 33280K, 0% used [0x00000000d5f00000,0x00000000d5f00000,0x00000000d7f80000)
  from space 5120K, 1% used [0x00000000d7f80000,0x00000000d7f98000,0x00000000d8480000)
  to   space 5120K, 0% used [0x00000000d8480000,0x00000000d8480000,0x00000000d8980000)
 ParOldGen       total 87552K, used 10868K [0x0000000081c00000, 0x0000000087180000, 0x00000000d5f00000)
  object space 87552K, 12% used [0x0000000081c00000,0x000000008269d188,0x0000000087180000)
 Metaspace       used 21026K, capacity 22250K, committed 22400K, reserved 1069056K
  class space    used 2506K, capacity 2818K, committed 2944K, reserved 1048576K
}
Event: 204.315 GC heap before
{Heap before GC invocations=28 (full 13):
 PSYoungGen      total 38400K, used 96K [0x00000000d5f00000, 0x00000000d8980000, 0x0000000100000000)
  eden space 33280K, 0% used [0x00000000d5f00000,0x00000000d5f00000,0x00000000d7f80000)
  from space 5120K, 1% used [0x00000000d7f80000,0x00000000d7f98000,0x00000000d8480000)
  to   space 5120K, 0% used [0x00000000d8480000,0x00000000d8480000,0x00000000d8980000)
 ParOldGen       total 87552K, used 10868K [0x0000000081c00000, 0x0000000087180000, 0x00000000d5f00000)
  object space 87552K, 12% used [0x0000000081c00000,0x000000008269d188,0x0000000087180000)
 Metaspace       used 21026K, capacity 22250K, committed 22400K, reserved 1069056K
  class space    used 2506K, capacity 2818K, committed 2944K, reserved 1048576K
Event: 204.339 GC heap after
Heap after GC invocations=28 (full 13):
 PSYoungGen      total 38400K, used 0K [0x00000000d5f00000, 0x00000000d8980000, 0x0000000100000000)
  eden space 33280K, 0% used [0x00000000d5f00000,0x00000000d5f00000,0x00000000d7f80000)
  from space 5120K, 0% used [0x00000000d7f80000,0x00000000d7f80000,0x00000000d8480000)
  to   space 5120K, 0% used [0x00000000d8480000,0x00000000d8480000,0x00000000d8980000)
 ParOldGen       total 87552K, used 10858K [0x0000000081c00000, 0x0000000087180000, 0x00000000d5f00000)
  object space 87552K, 12% used [0x0000000081c00000,0x000000008269aa18,0x0000000087180000)
 Metaspace       used 21026K, capacity 22250K, committed 22400K, reserved 1069056K
  class space    used 2506K, capacity 2818K, committed 2944K, reserved 1048576K
}
Event: 205.198 GC heap before
{Heap before GC invocations=29 (full 13):
 PSYoungGen      total 38400K, used 970K [0x00000000d5f00000, 0x00000000d8980000, 0x0000000100000000)
  eden space 33280K, 2% used [0x00000000d5f00000,0x00000000d5ff2860,0x00000000d7f80000)
  from space 5120K, 0% used [0x00000000d7f80000,0x00000000d7f80000,0x00000000d8480000)
  to   space 5120K, 0% used [0x00000000d8480000,0x00000000d8480000,0x00000000d8980000)
 ParOldGen       total 87552K, used 10858K [0x0000000081c00000, 0x0000000087180000, 0x00000000d5f00000)
  object space 87552K, 12% used [0x0000000081c00000,0x000000008269aa18,0x0000000087180000)
 Metaspace       used 21026K, capacity 22250K, committed 22400K, reserved 1069056K
  class space    used 2506K, capacity 2818K, committed 2944K, reserved 1048576K
Event: 205.200 GC heap after
Heap after GC invocations=29 (full 13):
 PSYoungGen      total 38400K, used 96K [0x00000000d5f00000, 0x00000000d8980000, 0x0000000100000000)
  eden space 33280K, 0% used [0x00000000d5f00000,0x00000000d5f00000,0x00000000d7f80000)
  from space 5120K, 1% used [0x00000000d8480000,0x00000000d8498000,0x00000000d8980000)
  to   space 5120K, 0% used [0x00000000d7f80000,0x00000000d7f80000,0x00000000d8480000)
 ParOldGen       total 87552K, used 10858K [0x0000000081c00000, 0x0000000087180000, 0x00000000d5f00000)
  object space 87552K, 12% used [0x0000000081c00000,0x000000008269aa18,0x0000000087180000)
 Metaspace       used 21026K, capacity 22250K, committed 22400K, reserved 1069056K
  class space    used 2506K, capacity 2818K, committed 2944K, reserved 1048576K
}
Event: 205.200 GC heap before
{Heap before GC invocations=30 (full 14):
 PSYoungGen      total 38400K, used 96K [0x00000000d5f00000, 0x00000000d8980000, 0x0000000100000000)
  eden space 33280K, 0% used [0x00000000d5f00000,0x00000000d5f00000,0x00000000d7f80000)
  from space 5120K, 1% used [0x00000000d8480000,0x00000000d8498000,0x00000000d8980000)
  to   space 5120K, 0% used [0x00000000d7f80000,0x00000000d7f80000,0x00000000d8480000)
 ParOldGen       total 87552K, used 10858K [0x0000000081c00000, 0x0000000087180000, 0x00000000d5f00000)
  object space 87552K, 12% used [0x0000000081c00000,0x000000008269aa18,0x0000000087180000)
 Metaspace       used 21026K, capacity 22250K, committed 22400K, reserved 1069056K
  class space    used 2506K, capacity 2818K, committed 2944K, reserved 1048576K
Event: 205.242 GC heap after
Heap after GC invocations=30 (full 14):
 PSYoungGen      total 38400K, used 0K [0x00000000d5f00000, 0x00000000d8980000, 0x0000000100000000)
  eden space 33280K, 0% used [0x00000000d5f00000,0x00000000d5f00000,0x00000000d7f80000)
  from space 5120K, 0% used [0x00000000d8480000,0x00000000d8480000,0x00000000d8980000)
  to   space 5120K, 0% used [0x00000000d7f80000,0x00000000d7f80000,0x00000000d8480000)
 ParOldGen       total 87552K, used 10864K [0x0000000081c00000, 0x0000000087180000, 0x00000000d5f00000)
  object space 87552K, 12% used [0x0000000081c00000,0x000000008269c358,0x0000000087180000)
 Metaspace       used 21026K, capacity 22250K, committed 22400K, reserved 1069056K
  class space    used 2506K, capacity 2818K, committed 2944K, reserved 1048576K
}

